<?xml version="1.0" encoding="UTF-8"?>
<testng-results ignored="0" total="1" passed="0" failed="1" skipped="0">
  <reporter-output>
  </reporter-output>
  <suite started-at="2022-11-23T16:29:32 GMT" name="Surefire suite" finished-at="2022-11-23T16:29:36 GMT" duration-ms="4360">
    <groups>
    </groups>
    <test started-at="2022-11-23T16:29:32 GMT" name="Surefire test" finished-at="2022-11-23T16:29:36 GMT" duration-ms="4360">
      <class name="testacademy.MobileBrowserTest">
        <test-method is-config="true" signature="ConfigureAppium()[pri:0, instance:testacademy.MobileBrowserTest@f5958c9]" started-at="2022-11-23T16:29:32 GMT" name="ConfigureAppium" finished-at="2022-11-23T16:29:36 GMT" duration-ms="4127" status="PASS">
          <reporter-output>
          </reporter-output>
        </test-method> <!-- ConfigureAppium -->
        <test-method signature="browserTest()[pri:0, instance:testacademy.MobileBrowserTest@f5958c9]" started-at="2022-11-23T16:29:36 GMT" name="browserTest" finished-at="2022-11-23T16:29:36 GMT" duration-ms="25" status="FAIL">
          <exception class="org.openqa.selenium.WebDriverException">
            <message>
              <![CDATA[An unknown server-side error occurred while processing the command. Original error: URI and package arguments are required
Build info: version: '4.6.0', revision: '79f1c02ae20'
System info: os.name: 'Windows 10', os.arch: 'amd64', os.version: '10.0', java.version: '17.0.4.1'
Driver info: io.appium.java_client.android.AndroidDriver
Command: [c8f90f66-d3a8-43ab-875d-465447f42628, get {url=http://google.com}]
Capabilities {appium:BrowserName: Chrome, appium:automationName: UIAutomator2, appium:chromedriverExecutable: C://Users//DELL//Downloads/..., appium:databaseEnabled: false, appium:desired: {BrowserName: Chrome, automationName: UIAutomator2, chromedriverExecutable: C://Users//DELL//Downloads/..., deviceName: Pixel_2_XL_API_33, platformName: android}, appium:deviceApiLevel: 33, appium:deviceManufacturer: Google, appium:deviceModel: sdk_gphone64_x86_64, appium:deviceName: emulator-5554, appium:deviceScreenDensity: 560, appium:deviceScreenSize: 1440x2880, appium:deviceUDID: emulator-5554, appium:javascriptEnabled: true, appium:locationContextEnabled: false, appium:networkConnectionEnabled: true, appium:pixelRatio: 3.5, appium:platformVersion: 13, appium:statBarHeight: 98, appium:takesScreenshot: true, appium:viewportRect: {height: 2698, left: 0, top: 98, width: 1440}, appium:warnings: {}, appium:webStorageEnabled: false, platformName: ANDROID}
Session ID: c8f90f66-d3a8-43ab-875d-465447f42628]]>
            </message>
            <full-stacktrace>
              <![CDATA[org.openqa.selenium.WebDriverException: An unknown server-side error occurred while processing the command. Original error: URI and package arguments are required
Build info: version: '4.6.0', revision: '79f1c02ae20'
System info: os.name: 'Windows 10', os.arch: 'amd64', os.version: '10.0', java.version: '17.0.4.1'
Driver info: io.appium.java_client.android.AndroidDriver
Command: [c8f90f66-d3a8-43ab-875d-465447f42628, get {url=http://google.com}]
Capabilities {appium:BrowserName: Chrome, appium:automationName: UIAutomator2, appium:chromedriverExecutable: C://Users//DELL//Downloads/..., appium:databaseEnabled: false, appium:desired: {BrowserName: Chrome, automationName: UIAutomator2, chromedriverExecutable: C://Users//DELL//Downloads/..., deviceName: Pixel_2_XL_API_33, platformName: android}, appium:deviceApiLevel: 33, appium:deviceManufacturer: Google, appium:deviceModel: sdk_gphone64_x86_64, appium:deviceName: emulator-5554, appium:deviceScreenDensity: 560, appium:deviceScreenSize: 1440x2880, appium:deviceUDID: emulator-5554, appium:javascriptEnabled: true, appium:locationContextEnabled: false, appium:networkConnectionEnabled: true, appium:pixelRatio: 3.5, appium:platformVersion: 13, appium:statBarHeight: 98, appium:takesScreenshot: true, appium:viewportRect: {height: 2698, left: 0, top: 98, width: 1440}, appium:warnings: {}, appium:webStorageEnabled: false, platformName: ANDROID}
Session ID: c8f90f66-d3a8-43ab-875d-465447f42628
at java.base/jdk.internal.reflect.NativeConstructorAccessorImpl.newInstance0(Native Method)
at java.base/jdk.internal.reflect.NativeConstructorAccessorImpl.newInstance(NativeConstructorAccessorImpl.java:77)
at java.base/jdk.internal.reflect.DelegatingConstructorAccessorImpl.newInstance(DelegatingConstructorAccessorImpl.java:45)
at java.base/java.lang.reflect.Constructor.newInstanceWithCaller(Constructor.java:499)
at java.base/java.lang.reflect.Constructor.newInstance(Constructor.java:480)
at org.openqa.selenium.remote.codec.w3c.W3CHttpResponseCodec.createException(W3CHttpResponseCodec.java:200)
at org.openqa.selenium.remote.codec.w3c.W3CHttpResponseCodec.decode(W3CHttpResponseCodec.java:133)
at org.openqa.selenium.remote.codec.w3c.W3CHttpResponseCodec.decode(W3CHttpResponseCodec.java:53)
at org.openqa.selenium.remote.HttpCommandExecutor.execute(HttpCommandExecutor.java:184)
at io.appium.java_client.remote.AppiumCommandExecutor.execute(AppiumCommandExecutor.java:189)
at org.openqa.selenium.remote.RemoteWebDriver.execute(RemoteWebDriver.java:541)
at org.openqa.selenium.remote.RemoteWebDriver.get(RemoteWebDriver.java:310)
at testacademy.MobileBrowserTest.browserTest(MobileBrowserTest.java:10)
at java.base/jdk.internal.reflect.NativeMethodAccessorImpl.invoke0(Native Method)
at java.base/jdk.internal.reflect.NativeMethodAccessorImpl.invoke(NativeMethodAccessorImpl.java:77)
at java.base/jdk.internal.reflect.DelegatingMethodAccessorImpl.invoke(DelegatingMethodAccessorImpl.java:43)
at java.base/java.lang.reflect.Method.invoke(Method.java:568)
at org.testng.internal.MethodInvocationHelper.invokeMethod(MethodInvocationHelper.java:133)
at org.testng.internal.TestInvoker.invokeMethod(TestInvoker.java:584)
at org.testng.internal.TestInvoker.invokeTestMethod(TestInvoker.java:172)
at org.testng.internal.MethodRunner.runInSequence(MethodRunner.java:46)
at org.testng.internal.TestInvoker$MethodInvocationAgent.invoke(TestInvoker.java:804)
at org.testng.internal.TestInvoker.invokeTestMethods(TestInvoker.java:145)
at org.testng.internal.TestMethodWorker.invokeTestMethods(TestMethodWorker.java:146)
at org.testng.internal.TestMethodWorker.run(TestMethodWorker.java:128)
at java.base/java.util.ArrayList.forEach(ArrayList.java:1511)
at org.testng.TestRunner.privateRun(TestRunner.java:770)
at org.testng.TestRunner.run(TestRunner.java:591)
at org.testng.SuiteRunner.runTest(SuiteRunner.java:402)
at org.testng.SuiteRunner.runSequentially(SuiteRunner.java:396)
at org.testng.SuiteRunner.privateRun(SuiteRunner.java:355)
at org.testng.SuiteRunner.run(SuiteRunner.java:304)
at org.testng.SuiteRunnerWorker.runSuite(SuiteRunnerWorker.java:53)
at org.testng.SuiteRunnerWorker.run(SuiteRunnerWorker.java:96)
at org.testng.TestNG.runSuitesSequentially(TestNG.java:1180)
at org.testng.TestNG.runSuitesLocally(TestNG.java:1102)
at org.testng.TestNG.runSuites(TestNG.java:1032)
at org.testng.TestNG.run(TestNG.java:1000)
at org.apache.maven.surefire.testng.TestNGExecutor.run(TestNGExecutor.java:135)
at org.apache.maven.surefire.testng.TestNGDirectoryTestSuite.executeMulti(TestNGDirectoryTestSuite.java:193)
at org.apache.maven.surefire.testng.TestNGDirectoryTestSuite.execute(TestNGDirectoryTestSuite.java:94)
at org.apache.maven.surefire.testng.TestNGProvider.invoke(TestNGProvider.java:146)
at org.apache.maven.surefire.booter.ForkedBooter.invokeProviderInSameClassLoader(ForkedBooter.java:384)
at org.apache.maven.surefire.booter.ForkedBooter.runSuitesInProcess(ForkedBooter.java:345)
at org.apache.maven.surefire.booter.ForkedBooter.execute(ForkedBooter.java:126)
at org.apache.maven.surefire.booter.ForkedBooter.main(ForkedBooter.java:418)
]]>
            </full-stacktrace>
          </exception> <!-- org.openqa.selenium.WebDriverException -->
          <reporter-output>
          </reporter-output>
        </test-method> <!-- browserTest -->
        <test-method is-config="true" signature="tearDown()[pri:0, instance:testacademy.MobileBrowserTest@f5958c9]" started-at="2022-11-23T16:29:36 GMT" name="tearDown" finished-at="2022-11-23T16:29:36 GMT" duration-ms="179" status="PASS">
          <reporter-output>
          </reporter-output>
        </test-method> <!-- tearDown -->
      </class> <!-- testacademy.MobileBrowserTest -->
    </test> <!-- Surefire test -->
  </suite> <!-- Surefire suite -->
</testng-results>
