<?xml version="1.0" encoding="UTF-8"?>
<testsuite xmlns:xsi="http://www.w3.org/2001/XMLSchema-instance" xsi:noNamespaceSchemaLocation="https://maven.apache.org/surefire/maven-surefire-plugin/xsd/surefire-test-report.xsd" name="TestSuite" time="4.602" tests="1" errors="0" skipped="0" failures="1">
  <properties>
[...]
</properties>
  <testcase name="browserTest" classname="testacademy.MobileBrowserTest" time="0.041">
    <failure message="An unknown server-side error occurred while processing the command. Original error: URI and package arguments are required&#10;Build info: version: &apos;4.6.0&apos;, revision: &apos;79f1c02ae20&apos;&#10;System info: os.name: &apos;Windows 10&apos;, os.arch: &apos;amd64&apos;, os.version: &apos;10.0&apos;, java.version: &apos;17.0.4.1&apos;&#10;Driver info: io.appium.java_client.android.AndroidDriver&#10;Command: [c8f90f66-d3a8-43ab-875d-465447f42628, get {url=http://google.com}]&#10;Capabilities {appium:BrowserName: Chrome, appium:automationName: UIAutomator2, appium:chromedriverExecutable: C://Users//DELL//Downloads/..., appium:databaseEnabled: false, appium:desired: {BrowserName: Chrome, automationName: UIAutomator2, chromedriverExecutable: C://Users//DELL//Downloads/..., deviceName: Pixel_2_XL_API_33, platformName: android}, appium:deviceApiLevel: 33, appium:deviceManufacturer: Google, appium:deviceModel: sdk_gphone64_x86_64, appium:deviceName: emulator-5554, appium:deviceScreenDensity: 560, appium:deviceScreenSize: 1440x2880, appium:deviceUDID: emulator-5554, appium:javascriptEnabled: true, appium:locationContextEnabled: false, appium:networkConnectionEnabled: true, appium:pixelRatio: 3.5, appium:platformVersion: 13, appium:statBarHeight: 98, appium:takesScreenshot: true, appium:viewportRect: {height: 2698, left: 0, top: 98, width: 1440}, appium:warnings: {}, appium:webStorageEnabled: false, platformName: ANDROID}&#10;Session ID: c8f90f66-d3a8-43ab-875d-465447f42628" type="org.openqa.selenium.WebDriverException">org.openqa.selenium.WebDriverException: 
An unknown server-side error occurred while processing the command. Original error: URI and package arguments are required
Build info: version: '4.6.0', revision: '79f1c02ae20'
System info: os.name: 'Windows 10', os.arch: 'amd64', os.version: '10.0', java.version: '17.0.4.1'
Driver info: io.appium.java_client.android.AndroidDriver
Command: [c8f90f66-d3a8-43ab-875d-465447f42628, get {url=http://google.com}]
Capabilities {appium:BrowserName: Chrome, appium:automationName: UIAutomator2, appium:chromedriverExecutable: C://Users//DELL//Downloads/..., appium:databaseEnabled: false, appium:desired: {BrowserName: Chrome, automationName: UIAutomator2, chromedriverExecutable: C://Users//DELL//Downloads/..., deviceName: Pixel_2_XL_API_33, platformName: android}, appium:deviceApiLevel: 33, appium:deviceManufacturer: Google, appium:deviceModel: sdk_gphone64_x86_64, appium:deviceName: emulator-5554, appium:deviceScreenDensity: 560, appium:deviceScreenSize: 1440x2880, appium:deviceUDID: emulator-5554, appium:javascriptEnabled: true, appium:locationContextEnabled: false, appium:networkConnectionEnabled: true, appium:pixelRatio: 3.5, appium:platformVersion: 13, appium:statBarHeight: 98, appium:takesScreenshot: true, appium:viewportRect: {height: 2698, left: 0, top: 98, width: 1440}, appium:warnings: {}, appium:webStorageEnabled: false, platformName: ANDROID}
Session ID: c8f90f66-d3a8-43ab-875d-465447f42628
	at testacademy.MobileBrowserTest.browserTest(MobileBrowserTest.java:10)
</failure>
    <system-out><![CDATA[&amp#27;[35m[Appium]&amp#27;[39m Welcome to Appium v2.0.0-beta.46
&amp#27;[35m[Appium]&amp#27;[39m Non-default server args:
&amp#27;[35m[Appium]&amp#27;[39m { address: &amp#27;[32m'127.0.0.1'&amp#27;[39m }
&amp#27;[35m[Appium]&amp#27;[39m Attempting to load driver uiautomator2...
[debug] &amp#27;[35m[Appium]&amp#27;[39m Requiring driver at C:\Users\DELL\.appium\node_modules\appium-uiautomator2-driver
&amp#27;[35m[Appium]&amp#27;[39m Attempting to load driver xcuitest...
[debug] &amp#27;[35m[Appium]&amp#27;[39m Requiring driver at C:\Users\DELL\.appium\node_modules\appium-xcuitest-driver
]]></system-out>
  </testcase>
</testsuite>