<?xml version="1.0" encoding="UTF-8"?>
<testng-results ignored="0" total="1" passed="1" failed="0" skipped="0">
  <reporter-output>
  </reporter-output>
  <suite started-at="2022-11-24T10:22:39 GMT" name="Default suite" finished-at="2022-11-24T10:23:15 GMT" duration-ms="36357">
    <groups>
    </groups>
    <test started-at="2022-11-24T10:22:39 GMT" name="Default test" finished-at="2022-11-24T10:23:15 GMT" duration-ms="36357">
      <class name="testacademy.ecommerce_tc_4_Hybrid">
        <test-method is-config="true" signature="ConfigureAppium()[pri:0, instance:testacademy.ecommerce_tc_4_Hybrid@3cebbb30]" started-at="2022-11-24T10:22:39 GMT" name="ConfigureAppium" finished-at="2022-11-24T10:22:44 GMT" duration-ms="5033" status="PASS">
          <reporter-output>
          </reporter-output>
        </test-method> <!-- ConfigureAppium -->
        <test-method signature="FillForm()[pri:0, instance:testacademy.ecommerce_tc_4_Hybrid@3cebbb30]" started-at="2022-11-24T10:22:44 GMT" name="FillForm" finished-at="2022-11-24T10:23:15 GMT" duration-ms="30974" status="PASS">
          <reporter-output>
          </reporter-output>
        </test-method> <!-- FillForm -->
        <test-method is-config="true" signature="tearDown()[pri:0, instance:testacademy.ecommerce_tc_4_Hybrid@3cebbb30]" started-at="2022-11-24T10:23:15 GMT" name="tearDown" finished-at="2022-11-24T10:23:15 GMT" duration-ms="327" status="PASS">
          <reporter-output>
          </reporter-output>
        </test-method> <!-- tearDown -->
      </class> <!-- testacademy.ecommerce_tc_4_Hybrid -->
    </test> <!-- Default test -->
  </suite> <!-- Default suite -->
</testng-results>
